c:\users\jeremi\desktop\gra\spaceshooter\spaceshooter\debug\vc143.pdb
c:\users\jeremi\desktop\gra\spaceshooter\spaceshooter\debug\vc143.idb
c:\users\jeremi\desktop\gra\spaceshooter\spaceshooter\debug\player.obj
c:\users\jeremi\desktop\gra\spaceshooter\spaceshooter\debug\main.obj
c:\users\jeremi\desktop\gra\spaceshooter\spaceshooter\debug\game.obj
c:\users\jeremi\desktop\gra\spaceshooter\spaceshooter\debug\fire.obj
c:\users\jeremi\desktop\gra\spaceshooter\spaceshooter\debug\enemy.obj
c:\users\jeremi\desktop\gra\spaceshooter\debug\spaceshooter.exe
c:\users\jeremi\desktop\gra\spaceshooter\debug\spaceshooter.pdb
c:\users\jeremi\desktop\gra\spaceshooter\spaceshooter\debug\resource.res
c:\users\jeremi\desktop\gra\spaceshooter\spaceshooter\debug\spaceshooter.ilk
c:\users\jeremi\desktop\gra\spaceshooter\spaceshooter\debug\spaceshooter.tlog\cl.command.1.tlog
c:\users\jeremi\desktop\gra\spaceshooter\spaceshooter\debug\spaceshooter.tlog\cl.items.tlog
c:\users\jeremi\desktop\gra\spaceshooter\spaceshooter\debug\spaceshooter.tlog\cl.read.1.tlog
c:\users\jeremi\desktop\gra\spaceshooter\spaceshooter\debug\spaceshooter.tlog\cl.write.1.tlog
c:\users\jeremi\desktop\gra\spaceshooter\spaceshooter\debug\spaceshooter.tlog\link.command.1.tlog
c:\users\jeremi\desktop\gra\spaceshooter\spaceshooter\debug\spaceshooter.tlog\link.read.1.tlog
c:\users\jeremi\desktop\gra\spaceshooter\spaceshooter\debug\spaceshooter.tlog\link.secondary.1.tlog
c:\users\jeremi\desktop\gra\spaceshooter\spaceshooter\debug\spaceshooter.tlog\link.write.1.tlog
c:\users\jeremi\desktop\gra\spaceshooter\spaceshooter\debug\spaceshooter.tlog\rc.command.1.tlog
c:\users\jeremi\desktop\gra\spaceshooter\spaceshooter\debug\spaceshooter.tlog\rc.read.1.tlog
c:\users\jeremi\desktop\gra\spaceshooter\spaceshooter\debug\spaceshooter.tlog\rc.write.1.tlog
